<?xml version="1.0" encoding="UTF-8"?>
<!-- Generated by org.testng.reporters.JUnitXMLReporter -->
<testsuite ignored="0" hostname="DESKTOP-95104MM" failures="2" tests="3" name="Test" time="36.812" errors="0" timestamp="2021-09-24T11:59:20 IST">
  <testcase classname="Automation.Salesforce.LoginTest" name="loginTest" time="1.944"/>
  <testcase classname="Automation.Salesforce.LoginTest" name="getTextStatus" time="0.852">
    <failure type="java.lang.AssertionError" message="expected [a customer] but found []">
      <![CDATA[java.lang.AssertionError: expected [a customer] but found []
at Automation.Salesforce.LoginTest.getTextStatus(LoginTest.java:31)
at java.base/java.util.ArrayList.forEach(ArrayList.java:1511)
... Removed 33 stack frames]]>
    </failure>
  </testcase> <!-- getTextStatus -->
  <testcase classname="Automation.Salesforce.PrivacyPage" name="getPrivacy" time="13.465">
    <failure type="java.lang.AssertionError" message="expected [1800-420-7331] but found [1800-420-7332]">
      <![CDATA[java.lang.AssertionError: expected [1800-420-7331] but found [1800-420-7332]
at Automation.Salesforce.PrivacyPage.getPrivacy(PrivacyPage.java:33)
at java.base/java.util.ArrayList.forEach(ArrayList.java:1511)
... Removed 33 stack frames]]>
    </failure>
  </testcase> <!-- getPrivacy -->
</testsuite> <!-- Test -->
