<?xml version="1.0" encoding="UTF-8"?>
<testng-results ignored="0" total="1" passed="1" failed="0" skipped="0">
  <reporter-output>
  </reporter-output>
  <suite started-at="2021-09-25T14:36:33 IST" name="Suite" finished-at="2021-09-25T14:36:34 IST" duration-ms="1056">
    <groups>
      <group name="cucumber">
        <method signature="AbstractTestNGCucumberTests.feature(cucumber.api.testng.CucumberFeatureWrapper)[pri:0, instance:cucumberOptions.testRunner@c7ba306]" name="feature" class="cucumber.api.testng.AbstractTestNGCucumberTests"/>
      </group> <!-- cucumber -->
    </groups>
    <test started-at="2021-09-25T14:36:33 IST" name="cucumberTest" finished-at="2021-09-25T14:36:34 IST" duration-ms="1056">
      <class name="cucumberOptions.testRunner">
        <test-method is-config="true" signature="setUpClass()[pri:0, instance:cucumberOptions.testRunner@c7ba306]" started-at="2021-09-25T14:36:33 IST" name="setUpClass" finished-at="2021-09-25T14:36:34 IST" duration-ms="653" status="PASS">
          <reporter-output>
          </reporter-output>
        </test-method> <!-- setUpClass -->
        <test-method signature="feature(cucumber.api.testng.CucumberFeatureWrapper)[pri:0, instance:cucumberOptions.testRunner@c7ba306]" started-at="2021-09-25T14:36:34 IST" name="feature" description="Runs Cucumber Feature" data-provider="features" finished-at="2021-09-25T14:36:34 IST" duration-ms="57" status="PASS">
          <params>
            <param index="0">
              <value>
                <![CDATA[Application Login]]>
              </value>
            </param>
          </params>
          <reporter-output>
          </reporter-output>
        </test-method> <!-- feature -->
        <test-method is-config="true" signature="tearDownClass()[pri:0, instance:cucumberOptions.testRunner@c7ba306]" started-at="2021-09-25T14:36:34 IST" name="tearDownClass" finished-at="2021-09-25T14:36:34 IST" duration-ms="17" status="PASS">
          <reporter-output>
          </reporter-output>
        </test-method> <!-- tearDownClass -->
      </class> <!-- cucumberOptions.testRunner -->
    </test> <!-- cucumberTest -->
  </suite> <!-- Suite -->
</testng-results>
